<?xml version="1.0" encoding="UTF-8"?>
<testng-results total="2" passed="2" failed="0" skipped="0">
  <reporter-output>
  </reporter-output>
  <suite started-at="2021-03-12T01:33:54Z" name="Suite" finished-at="2021-03-12T01:34:14Z" duration-ms="19221">
    <groups>
    </groups>
    <test started-at="2021-03-12T01:33:54Z" name="Test" finished-at="2021-03-12T01:34:14Z" duration-ms="19221">
      <class name="test.UploadFileTest">
        <test-method is-config="true" signature="beforeMethod()[pri:0, instance:test.UploadFileTest@52815fa3]" started-at="2021-03-11T20:34:02Z" name="beforeMethod" finished-at="2021-03-11T20:34:09Z" duration-ms="6553" status="PASS">
          <reporter-output>
          </reporter-output>
        </test-method> <!-- beforeMethod -->
        <test-method signature="cargarArchivoSeleccionado()[pri:0, instance:test.UploadFileTest@52815fa3]" started-at="2021-03-11T20:34:09Z" name="cargarArchivoSeleccionado" finished-at="2021-03-11T20:34:13Z" duration-ms="3802" status="PASS">
          <reporter-output>
          </reporter-output>
        </test-method> <!-- cargarArchivoSeleccionado -->
        <test-method is-config="true" signature="afterMethod()[pri:0, instance:test.UploadFileTest@52815fa3]" started-at="2021-03-11T20:34:13Z" name="afterMethod" finished-at="2021-03-11T20:34:14Z" duration-ms="790" status="PASS">
          <reporter-output>
          </reporter-output>
        </test-method> <!-- afterMethod -->
      </class> <!-- test.UploadFileTest -->
      <class name="test.DragAndDropTest">
        <test-method is-config="true" signature="beforeMethod()[pri:0, instance:test.DragAndDropTest@62833051]" started-at="2021-03-11T20:33:54Z" name="beforeMethod" finished-at="2021-03-11T20:33:59Z" duration-ms="5013" status="PASS">
          <reporter-output>
          </reporter-output>
        </test-method> <!-- beforeMethod -->
        <test-method signature="cargarArchivoSeleccionado()[pri:0, instance:test.DragAndDropTest@62833051]" started-at="2021-03-11T20:33:59Z" name="cargarArchivoSeleccionado" finished-at="2021-03-11T20:34:02Z" duration-ms="2200" status="PASS">
          <reporter-output>
          </reporter-output>
        </test-method> <!-- cargarArchivoSeleccionado -->
        <test-method is-config="true" signature="afterMethod()[pri:0, instance:test.DragAndDropTest@62833051]" started-at="2021-03-11T20:34:02Z" name="afterMethod" finished-at="2021-03-11T20:34:02Z" duration-ms="844" status="PASS">
          <reporter-output>
          </reporter-output>
        </test-method> <!-- afterMethod -->
      </class> <!-- test.DragAndDropTest -->
    </test> <!-- Test -->
  </suite> <!-- Suite -->
</testng-results>
